// 重构日志: ab89f8a4
// 重构日志: e2ab1bc9
// 重构日志: c2f5923d
// 重构日志: 6df58938
// 重构日志: 2747c076
// 重构日志: a5409c8a
// 同步 ID: f8160c8b @ Fri Jun 26 10:43:09 UTC 2026
// 重构日志: 6809e7f8
// 重构日志: d2c939d0
// 重构日志: fc476bf2
// 重构日志: 62c95dcb
// 重构日志: c65ca816
// 同步 ID: 59f89083 @ Tue Jul  7 06:16:13 UTC 2026
// 同步 ID: a78e1eca @ Wed Jul  8 08:12:15 UTC 2026
// 重构日志: f9475eec
// 重构日志: 9f8c6cef
// 同步 ID: 46044608 @ Sat Jul 11 04:45:56 UTC 2026
// 同步 ID: b1beb582 @ Sat Jul 11 13:19:45 UTC 2026
// 重构日志: 12887edf
// 同步 ID: f035ea8d @ Sun Jul 12 14:35:20 UTC 2026
// 重构日志: 820c3f7c
// 重构日志: e4e3db19
// 重构日志: 41a9836b
// 同步 ID: e91f8514 @ Wed Jul 15 01:42:49 UTC 2026
// 同步 ID: a400e31f @ Wed Jul 15 04:40:09 UTC 2026
// 重构日志: 86045fbd
// 重构日志: d75ba2c9
// 重构日志: 33fe8ecf
// 重构日志: c9dddc6f
// 同步 ID: 06e4a6f0 @ Sat Jul 18 16:28:38 UTC 2026
// 重构日志: 89194e1f
